2013-04-16 18:58:43,434 [20] Orchard.Recipes.Services.RecipeStepExecutor - Recipe execution 5beea3141a244031b740ce591377ab7e was cancelled because a step failed to execute
System.InvalidOperationException: Sequence contains no matching element
   at System.Linq.Enumerable.Single[TSource](IEnumerable`1 source, Func`2 predicate)
   at Orchard.Environment.Features.FeatureManager.<>c__DisplayClass2d.<EnableFeature>b__20(String fId) in c:\Users\sebros\My Projects\Orchard\src\Orchard\Environment\Features\FeatureManager.cs:line 148
   at System.Linq.Enumerable.WhereSelectListIterator`2.MoveNext()
   at System.Linq.Enumerable.WhereEnumerableIterator`1.MoveNext()
   at System.Linq.Enumerable.ToDictionary[TSource,TKey,TElement](IEnumerable`1 source, Func`2 keySelector, Func`2 elementSelector, IEqualityComparer`1 comparer)
   at Orchard.Environment.Features.FeatureManager.<EnableFeature>b__1e(String currentFeatureId, IDictionary`2 featuresState) in c:\Users\sebros\My Projects\Orchard\src\Orchard\Environment\Features\FeatureManager.cs:line 147
   at Orchard.Environment.Features.FeatureManager.GetAffectedFeatures(String featureId, IDictionary`2 features, Func`3 getAffectedDependencies) in c:\Users\sebros\My Projects\Orchard\src\Orchard\Environment\Features\FeatureManager.cs:line 195
   at Orchard.Environment.Features.FeatureManager.EnableFeature(String featureId, IDictionary`2 availableFeatures, Boolean force) in c:\Users\sebros\My Projects\Orchard\src\Orchard\Environment\Features\FeatureManager.cs:line 153
   at Orchard.Environment.Features.FeatureManager.<>c__DisplayClass9.<EnableFeatures>b__4(String featureId) in c:\Users\sebros\My Projects\Orchard\src\Orchard\Environment\Features\FeatureManager.cs:line 73
   at System.Linq.Enumerable.WhereSelectListIterator`2.MoveNext()
   at System.Collections.Generic.List`1..ctor(IEnumerable`1 collection)
   at System.Linq.Enumerable.ToList[TSource](IEnumerable`1 source)
   at Orchard.Environment.Features.FeatureManager.EnableFeatures(IEnumerable`1 featureIds, Boolean force) in c:\Users\sebros\My Projects\Orchard\src\Orchard\Environment\Features\FeatureManager.cs:line 72
   at Orchard.Recipes.RecipeHandlers.FeatureRecipeHandler.ExecuteRecipeStep(RecipeContext recipeContext)
   at Orchard.Recipes.Services.RecipeStepExecutor.ExecuteNextStep(String executionId)
2013-04-16 18:58:43,491 [20] Orchard.Exceptions.DefaultExceptionPolicy - An unexpected exception was caught
System.Reflection.TargetInvocationException: Exception has been thrown by the target of an invocation. ---> Orchard.OrchardCoreException: Recipe execution with id 5beea3141a244031b740ce591377ab7e was cancelled because the "Feature" step failed to execute. The following exception was thrown: Sequence contains no matching element. Refer to the recipe journal for more information.
   at Orchard.Recipes.Services.RecipeStepExecutor.ExecuteNextStep(String executionId)
   at Orchard.Recipes.Services.RecipeScheduler.ExecuteWork(String executionId)
   --- End of inner exception stack trace ---
   at System.RuntimeMethodHandle.InvokeMethod(Object target, Object[] arguments, Signature sig, Boolean constructor)
   at System.Reflection.RuntimeMethodInfo.UnsafeInvokeInternal(Object obj, Object[] parameters, Object[] arguments)
   at System.Reflection.RuntimeMethodInfo.Invoke(Object obj, BindingFlags invokeAttr, Binder binder, Object[] parameters, CultureInfo culture)
   at Orchard.Events.DefaultOrchardEventBus.TryInvokeMethod(IEventHandler eventHandler, Type interfaceType, String methodName, IDictionary`2 arguments, IEnumerable& returnValue) in c:\Users\sebros\My Projects\Orchard\src\Orchard\Events\DefaultOrchardEventBus.cs:line 80
   at Orchard.Events.DefaultOrchardEventBus.TryInvoke(IEventHandler eventHandler, String interfaceName, String methodName, IDictionary`2 arguments, IEnumerable& returnValue) in c:\Users\sebros\My Projects\Orchard\src\Orchard\Events\DefaultOrchardEventBus.cs:line 68
   at Orchard.Events.DefaultOrchardEventBus.TryNotifyHandler(IEventHandler eventHandler, String messageName, String interfaceName, String methodName, IDictionary`2 eventData, IEnumerable& returnValue) in c:\Users\sebros\My Projects\Orchard\src\Orchard\Events\DefaultOrchardEventBus.cs:line 52
2013-04-16 18:59:16,152 [18] Orchard.Recipes.Services.RecipeStepExecutor - Recipe execution 5a251d485f65439fb4735fd2c930c0fd was cancelled because a step failed to execute
System.InvalidOperationException: Sequence contains no matching element
   at System.Linq.Enumerable.Single[TSource](IEnumerable`1 source, Func`2 predicate)
   at Orchard.Environment.Features.FeatureManager.<>c__DisplayClass2d.<EnableFeature>b__20(String fId) in c:\Users\sebros\My Projects\Orchard\src\Orchard\Environment\Features\FeatureManager.cs:line 148
   at System.Linq.Enumerable.WhereSelectListIterator`2.MoveNext()
   at System.Linq.Enumerable.WhereEnumerableIterator`1.MoveNext()
   at System.Linq.Enumerable.ToDictionary[TSource,TKey,TElement](IEnumerable`1 source, Func`2 keySelector, Func`2 elementSelector, IEqualityComparer`1 comparer)
   at Orchard.Environment.Features.FeatureManager.<EnableFeature>b__1e(String currentFeatureId, IDictionary`2 featuresState) in c:\Users\sebros\My Projects\Orchard\src\Orchard\Environment\Features\FeatureManager.cs:line 147
   at Orchard.Environment.Features.FeatureManager.GetAffectedFeatures(String featureId, IDictionary`2 features, Func`3 getAffectedDependencies) in c:\Users\sebros\My Projects\Orchard\src\Orchard\Environment\Features\FeatureManager.cs:line 195
   at Orchard.Environment.Features.FeatureManager.EnableFeature(String featureId, IDictionary`2 availableFeatures, Boolean force) in c:\Users\sebros\My Projects\Orchard\src\Orchard\Environment\Features\FeatureManager.cs:line 153
   at Orchard.Environment.Features.FeatureManager.<>c__DisplayClass9.<EnableFeatures>b__4(String featureId) in c:\Users\sebros\My Projects\Orchard\src\Orchard\Environment\Features\FeatureManager.cs:line 73
   at System.Linq.Enumerable.WhereSelectListIterator`2.MoveNext()
   at System.Collections.Generic.List`1..ctor(IEnumerable`1 collection)
   at System.Linq.Enumerable.ToList[TSource](IEnumerable`1 source)
   at Orchard.Environment.Features.FeatureManager.EnableFeatures(IEnumerable`1 featureIds, Boolean force) in c:\Users\sebros\My Projects\Orchard\src\Orchard\Environment\Features\FeatureManager.cs:line 72
   at Orchard.Recipes.RecipeHandlers.FeatureRecipeHandler.ExecuteRecipeStep(RecipeContext recipeContext)
   at Orchard.Recipes.Services.RecipeStepExecutor.ExecuteNextStep(String executionId)
2013-04-16 18:59:16,184 [18] Orchard.Exceptions.DefaultExceptionPolicy - An unexpected exception was caught
System.Reflection.TargetInvocationException: Exception has been thrown by the target of an invocation. ---> Orchard.OrchardCoreException: Recipe execution with id 5a251d485f65439fb4735fd2c930c0fd was cancelled because the "Feature" step failed to execute. The following exception was thrown: Sequence contains no matching element. Refer to the recipe journal for more information.
   at Orchard.Recipes.Services.RecipeStepExecutor.ExecuteNextStep(String executionId)
   at Orchard.Recipes.Services.RecipeScheduler.ExecuteWork(String executionId)
   --- End of inner exception stack trace ---
   at System.RuntimeMethodHandle.InvokeMethod(Object target, Object[] arguments, Signature sig, Boolean constructor)
   at System.Reflection.RuntimeMethodInfo.UnsafeInvokeInternal(Object obj, Object[] parameters, Object[] arguments)
   at System.Reflection.RuntimeMethodInfo.Invoke(Object obj, BindingFlags invokeAttr, Binder binder, Object[] parameters, CultureInfo culture)
   at Orchard.Events.DefaultOrchardEventBus.TryInvokeMethod(IEventHandler eventHandler, Type interfaceType, String methodName, IDictionary`2 arguments, IEnumerable& returnValue) in c:\Users\sebros\My Projects\Orchard\src\Orchard\Events\DefaultOrchardEventBus.cs:line 80
   at Orchard.Events.DefaultOrchardEventBus.TryInvoke(IEventHandler eventHandler, String interfaceName, String methodName, IDictionary`2 arguments, IEnumerable& returnValue) in c:\Users\sebros\My Projects\Orchard\src\Orchard\Events\DefaultOrchardEventBus.cs:line 68
   at Orchard.Events.DefaultOrchardEventBus.TryNotifyHandler(IEventHandler eventHandler, String messageName, String interfaceName, String methodName, IDictionary`2 eventData, IEnumerable& returnValue) in c:\Users\sebros\My Projects\Orchard\src\Orchard\Events\DefaultOrchardEventBus.cs:line 52
2013-04-16 19:15:18,650 [17] Orchard.DisplayManagement.Implementation.DefaultDisplayManager - RuntimeBinderException thrown from Action`1 by System.Action`1[[Orchard.DisplayManagement.Implementation.ShapeDisplayingContext, Orchard.Framework, Version=1.6.0.0, Culture=neutral, PublicKeyToken=null]]
Microsoft.CSharp.RuntimeBinder.RuntimeBinderException: Cannot implicitly convert type 'Orchard.Modules.Models.ModuleEntry' to 'Orchard.ContentManagement.ContentPart'
   at CallSite.Target(Closure , CallSite , Object )
   at System.Dynamic.UpdateDelegates.UpdateAndExecute1[T0,TRet](CallSite site, T0 arg0)
   at CallSite.Target(Closure , CallSite , Object )
   at Orchard.DesignerTools.Services.WidgetAlternatesFactory.<Displaying>b__5(ShapeDisplayingContext displayedContext)
   at Orchard.DisplayManagement.Implementation.DefaultDisplayManager.<>c__DisplayClassc.<Execute>b__5(Action`1 action) in c:\Users\sebros\My Projects\Orchard\src\Orchard\DisplayManagement\Implementation\DefaultDisplayManager.cs:line 78
   at Orchard.InvokeExtensions.Invoke[TEvents](IEnumerable`1 events, Action`1 dispatch, ILogger logger) in c:\Users\sebros\My Projects\Orchard\src\Orchard\InvokeExtensions.cs:line 17
2013-04-16 19:15:18,924 [17] Orchard.DisplayManagement.Implementation.DefaultDisplayManager - RuntimeBinderException thrown from Action`1 by System.Action`1[[Orchard.DisplayManagement.Implementation.ShapeDisplayingContext, Orchard.Framework, Version=1.6.0.0, Culture=neutral, PublicKeyToken=null]]
Microsoft.CSharp.RuntimeBinder.RuntimeBinderException: Cannot implicitly convert type 'Orchard.Modules.Models.ModuleEntry' to 'Orchard.ContentManagement.ContentPart'
   at CallSite.Target(Closure , CallSite , Object )
   at Orchard.DesignerTools.Services.WidgetAlternatesFactory.<Displaying>b__5(ShapeDisplayingContext displayedContext)
   at Orchard.DisplayManagement.Implementation.DefaultDisplayManager.<>c__DisplayClassc.<Execute>b__5(Action`1 action) in c:\Users\sebros\My Projects\Orchard\src\Orchard\DisplayManagement\Implementation\DefaultDisplayManager.cs:line 78
   at Orchard.InvokeExtensions.Invoke[TEvents](IEnumerable`1 events, Action`1 dispatch, ILogger logger) in c:\Users\sebros\My Projects\Orchard\src\Orchard\InvokeExtensions.cs:line 17
2013-04-16 19:15:18,927 [17] Orchard.DisplayManagement.Implementation.DefaultDisplayManager - RuntimeBinderException thrown from Action`1 by System.Action`1[[Orchard.DisplayManagement.Implementation.ShapeDisplayingContext, Orchard.Framework, Version=1.6.0.0, Culture=neutral, PublicKeyToken=null]]
Microsoft.CSharp.RuntimeBinder.RuntimeBinderException: Cannot implicitly convert type 'Orchard.Modules.Models.ModuleEntry' to 'Orchard.ContentManagement.ContentPart'
   at CallSite.Target(Closure , CallSite , Object )
   at Orchard.DesignerTools.Services.WidgetAlternatesFactory.<Displaying>b__5(ShapeDisplayingContext displayedContext)
   at Orchard.DisplayManagement.Implementation.DefaultDisplayManager.<>c__DisplayClassc.<Execute>b__5(Action`1 action) in c:\Users\sebros\My Projects\Orchard\src\Orchard\DisplayManagement\Implementation\DefaultDisplayManager.cs:line 78
   at Orchard.InvokeExtensions.Invoke[TEvents](IEnumerable`1 events, Action`1 dispatch, ILogger logger) in c:\Users\sebros\My Projects\Orchard\src\Orchard\InvokeExtensions.cs:line 17
2013-04-16 19:15:18,930 [17] Orchard.DisplayManagement.Implementation.DefaultDisplayManager - RuntimeBinderException thrown from Action`1 by System.Action`1[[Orchard.DisplayManagement.Implementation.ShapeDisplayingContext, Orchard.Framework, Version=1.6.0.0, Culture=neutral, PublicKeyToken=null]]
Microsoft.CSharp.RuntimeBinder.RuntimeBinderException: Cannot implicitly convert type 'Orchard.Modules.Models.ModuleEntry' to 'Orchard.ContentManagement.ContentPart'
   at CallSite.Target(Closure , CallSite , Object )
   at Orchard.DesignerTools.Services.WidgetAlternatesFactory.<Displaying>b__5(ShapeDisplayingContext displayedContext)
   at Orchard.DisplayManagement.Implementation.DefaultDisplayManager.<>c__DisplayClassc.<Execute>b__5(Action`1 action) in c:\Users\sebros\My Projects\Orchard\src\Orchard\DisplayManagement\Implementation\DefaultDisplayManager.cs:line 78
   at Orchard.InvokeExtensions.Invoke[TEvents](IEnumerable`1 events, Action`1 dispatch, ILogger logger) in c:\Users\sebros\My Projects\Orchard\src\Orchard\InvokeExtensions.cs:line 17
2013-04-16 19:15:18,934 [17] Orchard.DisplayManagement.Implementation.DefaultDisplayManager - RuntimeBinderException thrown from Action`1 by System.Action`1[[Orchard.DisplayManagement.Implementation.ShapeDisplayingContext, Orchard.Framework, Version=1.6.0.0, Culture=neutral, PublicKeyToken=null]]
Microsoft.CSharp.RuntimeBinder.RuntimeBinderException: Cannot implicitly convert type 'Orchard.Modules.Models.ModuleEntry' to 'Orchard.ContentManagement.ContentPart'
   at CallSite.Target(Closure , CallSite , Object )
   at Orchard.DesignerTools.Services.WidgetAlternatesFactory.<Displaying>b__5(ShapeDisplayingContext displayedContext)
   at Orchard.DisplayManagement.Implementation.DefaultDisplayManager.<>c__DisplayClassc.<Execute>b__5(Action`1 action) in c:\Users\sebros\My Projects\Orchard\src\Orchard\DisplayManagement\Implementation\DefaultDisplayManager.cs:line 78
   at Orchard.InvokeExtensions.Invoke[TEvents](IEnumerable`1 events, Action`1 dispatch, ILogger logger) in c:\Users\sebros\My Projects\Orchard\src\Orchard\InvokeExtensions.cs:line 17
2013-04-16 19:15:18,937 [17] Orchard.DisplayManagement.Implementation.DefaultDisplayManager - RuntimeBinderException thrown from Action`1 by System.Action`1[[Orchard.DisplayManagement.Implementation.ShapeDisplayingContext, Orchard.Framework, Version=1.6.0.0, Culture=neutral, PublicKeyToken=null]]
Microsoft.CSharp.RuntimeBinder.RuntimeBinderException: Cannot implicitly convert type 'Orchard.Modules.Models.ModuleEntry' to 'Orchard.ContentManagement.ContentPart'
   at CallSite.Target(Closure , CallSite , Object )
   at Orchard.DesignerTools.Services.WidgetAlternatesFactory.<Displaying>b__5(ShapeDisplayingContext displayedContext)
   at Orchard.DisplayManagement.Implementation.DefaultDisplayManager.<>c__DisplayClassc.<Execute>b__5(Action`1 action) in c:\Users\sebros\My Projects\Orchard\src\Orchard\DisplayManagement\Implementation\DefaultDisplayManager.cs:line 78
   at Orchard.InvokeExtensions.Invoke[TEvents](IEnumerable`1 events, Action`1 dispatch, ILogger logger) in c:\Users\sebros\My Projects\Orchard\src\Orchard\InvokeExtensions.cs:line 17
2013-04-16 19:15:18,940 [17] Orchard.DisplayManagement.Implementation.DefaultDisplayManager - RuntimeBinderException thrown from Action`1 by System.Action`1[[Orchard.DisplayManagement.Implementation.ShapeDisplayingContext, Orchard.Framework, Version=1.6.0.0, Culture=neutral, PublicKeyToken=null]]
Microsoft.CSharp.RuntimeBinder.RuntimeBinderException: Cannot implicitly convert type 'Orchard.Modules.Models.ModuleEntry' to 'Orchard.ContentManagement.ContentPart'
   at CallSite.Target(Closure , CallSite , Object )
   at Orchard.DesignerTools.Services.WidgetAlternatesFactory.<Displaying>b__5(ShapeDisplayingContext displayedContext)
   at Orchard.DisplayManagement.Implementation.DefaultDisplayManager.<>c__DisplayClassc.<Execute>b__5(Action`1 action) in c:\Users\sebros\My Projects\Orchard\src\Orchard\DisplayManagement\Implementation\DefaultDisplayManager.cs:line 78
   at Orchard.InvokeExtensions.Invoke[TEvents](IEnumerable`1 events, Action`1 dispatch, ILogger logger) in c:\Users\sebros\My Projects\Orchard\src\Orchard\InvokeExtensions.cs:line 17
2013-04-16 19:15:18,944 [17] Orchard.DisplayManagement.Implementation.DefaultDisplayManager - RuntimeBinderException thrown from Action`1 by System.Action`1[[Orchard.DisplayManagement.Implementation.ShapeDisplayingContext, Orchard.Framework, Version=1.6.0.0, Culture=neutral, PublicKeyToken=null]]
Microsoft.CSharp.RuntimeBinder.RuntimeBinderException: Cannot implicitly convert type 'Orchard.Modules.Models.ModuleEntry' to 'Orchard.ContentManagement.ContentPart'
   at CallSite.Target(Closure , CallSite , Object )
   at Orchard.DesignerTools.Services.WidgetAlternatesFactory.<Displaying>b__5(ShapeDisplayingContext displayedContext)
   at Orchard.DisplayManagement.Implementation.DefaultDisplayManager.<>c__DisplayClassc.<Execute>b__5(Action`1 action) in c:\Users\sebros\My Projects\Orchard\src\Orchard\DisplayManagement\Implementation\DefaultDisplayManager.cs:line 78
   at Orchard.InvokeExtensions.Invoke[TEvents](IEnumerable`1 events, Action`1 dispatch, ILogger logger) in c:\Users\sebros\My Projects\Orchard\src\Orchard\InvokeExtensions.cs:line 17
2013-04-16 19:15:18,947 [17] Orchard.DisplayManagement.Implementation.DefaultDisplayManager - RuntimeBinderException thrown from Action`1 by System.Action`1[[Orchard.DisplayManagement.Implementation.ShapeDisplayingContext, Orchard.Framework, Version=1.6.0.0, Culture=neutral, PublicKeyToken=null]]
Microsoft.CSharp.RuntimeBinder.RuntimeBinderException: Cannot implicitly convert type 'Orchard.Modules.Models.ModuleEntry' to 'Orchard.ContentManagement.ContentPart'
   at CallSite.Target(Closure , CallSite , Object )
   at Orchard.DesignerTools.Services.WidgetAlternatesFactory.<Displaying>b__5(ShapeDisplayingContext displayedContext)
   at Orchard.DisplayManagement.Implementation.DefaultDisplayManager.<>c__DisplayClassc.<Execute>b__5(Action`1 action) in c:\Users\sebros\My Projects\Orchard\src\Orchard\DisplayManagement\Implementation\DefaultDisplayManager.cs:line 78
   at Orchard.InvokeExtensions.Invoke[TEvents](IEnumerable`1 events, Action`1 dispatch, ILogger logger) in c:\Users\sebros\My Projects\Orchard\src\Orchard\InvokeExtensions.cs:line 17
2013-04-16 19:15:18,950 [17] Orchard.DisplayManagement.Implementation.DefaultDisplayManager - RuntimeBinderException thrown from Action`1 by System.Action`1[[Orchard.DisplayManagement.Implementation.ShapeDisplayingContext, Orchard.Framework, Version=1.6.0.0, Culture=neutral, PublicKeyToken=null]]
Microsoft.CSharp.RuntimeBinder.RuntimeBinderException: Cannot implicitly convert type 'Orchard.Modules.Models.ModuleEntry' to 'Orchard.ContentManagement.ContentPart'
   at CallSite.Target(Closure , CallSite , Object )
   at Orchard.DesignerTools.Services.WidgetAlternatesFactory.<Displaying>b__5(ShapeDisplayingContext displayedContext)
   at Orchard.DisplayManagement.Implementation.DefaultDisplayManager.<>c__DisplayClassc.<Execute>b__5(Action`1 action) in c:\Users\sebros\My Projects\Orchard\src\Orchard\DisplayManagement\Implementation\DefaultDisplayManager.cs:line 78
   at Orchard.InvokeExtensions.Invoke[TEvents](IEnumerable`1 events, Action`1 dispatch, ILogger logger) in c:\Users\sebros\My Projects\Orchard\src\Orchard\InvokeExtensions.cs:line 17
2013-04-16 19:19:44,627 [23] Orchard.DisplayManagement.Implementation.DefaultDisplayManager - RuntimeBinderException thrown from Action`1 by System.Action`1[[Orchard.DisplayManagement.Implementation.ShapeDisplayingContext, Orchard.Framework, Version=1.6.0.0, Culture=neutral, PublicKeyToken=null]]
Microsoft.CSharp.RuntimeBinder.RuntimeBinderException: Cannot implicitly convert type 'Orchard.Modules.Models.ModuleEntry' to 'Orchard.ContentManagement.ContentPart'
   at CallSite.Target(Closure , CallSite , Object )
   at System.Dynamic.UpdateDelegates.UpdateAndExecute1[T0,TRet](CallSite site, T0 arg0)
   at CallSite.Target(Closure , CallSite , Object )
   at Orchard.DesignerTools.Services.WidgetAlternatesFactory.<Displaying>b__5(ShapeDisplayingContext displayedContext)
   at Orchard.DisplayManagement.Implementation.DefaultDisplayManager.<>c__DisplayClassc.<Execute>b__5(Action`1 action) in c:\Users\sebros\My Projects\Orchard\src\Orchard\DisplayManagement\Implementation\DefaultDisplayManager.cs:line 78
   at Orchard.InvokeExtensions.Invoke[TEvents](IEnumerable`1 events, Action`1 dispatch, ILogger logger) in c:\Users\sebros\My Projects\Orchard\src\Orchard\InvokeExtensions.cs:line 17
2013-04-16 19:19:44,901 [23] Orchard.DisplayManagement.Implementation.DefaultDisplayManager - RuntimeBinderException thrown from Action`1 by System.Action`1[[Orchard.DisplayManagement.Implementation.ShapeDisplayingContext, Orchard.Framework, Version=1.6.0.0, Culture=neutral, PublicKeyToken=null]]
Microsoft.CSharp.RuntimeBinder.RuntimeBinderException: Cannot implicitly convert type 'Orchard.Modules.Models.ModuleEntry' to 'Orchard.ContentManagement.ContentPart'
   at CallSite.Target(Closure , CallSite , Object )
   at Orchard.DesignerTools.Services.WidgetAlternatesFactory.<Displaying>b__5(ShapeDisplayingContext displayedContext)
   at Orchard.DisplayManagement.Implementation.DefaultDisplayManager.<>c__DisplayClassc.<Execute>b__5(Action`1 action) in c:\Users\sebros\My Projects\Orchard\src\Orchard\DisplayManagement\Implementation\DefaultDisplayManager.cs:line 78
   at Orchard.InvokeExtensions.Invoke[TEvents](IEnumerable`1 events, Action`1 dispatch, ILogger logger) in c:\Users\sebros\My Projects\Orchard\src\Orchard\InvokeExtensions.cs:line 17
2013-04-16 19:19:44,905 [23] Orchard.DisplayManagement.Implementation.DefaultDisplayManager - RuntimeBinderException thrown from Action`1 by System.Action`1[[Orchard.DisplayManagement.Implementation.ShapeDisplayingContext, Orchard.Framework, Version=1.6.0.0, Culture=neutral, PublicKeyToken=null]]
Microsoft.CSharp.RuntimeBinder.RuntimeBinderException: Cannot implicitly convert type 'Orchard.Modules.Models.ModuleEntry' to 'Orchard.ContentManagement.ContentPart'
   at CallSite.Target(Closure , CallSite , Object )
   at Orchard.DesignerTools.Services.WidgetAlternatesFactory.<Displaying>b__5(ShapeDisplayingContext displayedContext)
   at Orchard.DisplayManagement.Implementation.DefaultDisplayManager.<>c__DisplayClassc.<Execute>b__5(Action`1 action) in c:\Users\sebros\My Projects\Orchard\src\Orchard\DisplayManagement\Implementation\DefaultDisplayManager.cs:line 78
   at Orchard.InvokeExtensions.Invoke[TEvents](IEnumerable`1 events, Action`1 dispatch, ILogger logger) in c:\Users\sebros\My Projects\Orchard\src\Orchard\InvokeExtensions.cs:line 17
2013-04-16 19:19:44,908 [23] Orchard.DisplayManagement.Implementation.DefaultDisplayManager - RuntimeBinderException thrown from Action`1 by System.Action`1[[Orchard.DisplayManagement.Implementation.ShapeDisplayingContext, Orchard.Framework, Version=1.6.0.0, Culture=neutral, PublicKeyToken=null]]
Microsoft.CSharp.RuntimeBinder.RuntimeBinderException: Cannot implicitly convert type 'Orchard.Modules.Models.ModuleEntry' to 'Orchard.ContentManagement.ContentPart'
   at CallSite.Target(Closure , CallSite , Object )
   at Orchard.DesignerTools.Services.WidgetAlternatesFactory.<Displaying>b__5(ShapeDisplayingContext displayedContext)
   at Orchard.DisplayManagement.Implementation.DefaultDisplayManager.<>c__DisplayClassc.<Execute>b__5(Action`1 action) in c:\Users\sebros\My Projects\Orchard\src\Orchard\DisplayManagement\Implementation\DefaultDisplayManager.cs:line 78
   at Orchard.InvokeExtensions.Invoke[TEvents](IEnumerable`1 events, Action`1 dispatch, ILogger logger) in c:\Users\sebros\My Projects\Orchard\src\Orchard\InvokeExtensions.cs:line 17
2013-04-16 19:19:44,911 [23] Orchard.DisplayManagement.Implementation.DefaultDisplayManager - RuntimeBinderException thrown from Action`1 by System.Action`1[[Orchard.DisplayManagement.Implementation.ShapeDisplayingContext, Orchard.Framework, Version=1.6.0.0, Culture=neutral, PublicKeyToken=null]]
Microsoft.CSharp.RuntimeBinder.RuntimeBinderException: Cannot implicitly convert type 'Orchard.Modules.Models.ModuleEntry' to 'Orchard.ContentManagement.ContentPart'
   at CallSite.Target(Closure , CallSite , Object )
   at Orchard.DesignerTools.Services.WidgetAlternatesFactory.<Displaying>b__5(ShapeDisplayingContext displayedContext)
   at Orchard.DisplayManagement.Implementation.DefaultDisplayManager.<>c__DisplayClassc.<Execute>b__5(Action`1 action) in c:\Users\sebros\My Projects\Orchard\src\Orchard\DisplayManagement\Implementation\DefaultDisplayManager.cs:line 78
   at Orchard.InvokeExtensions.Invoke[TEvents](IEnumerable`1 events, Action`1 dispatch, ILogger logger) in c:\Users\sebros\My Projects\Orchard\src\Orchard\InvokeExtensions.cs:line 17
2013-04-16 19:19:44,915 [23] Orchard.DisplayManagement.Implementation.DefaultDisplayManager - RuntimeBinderException thrown from Action`1 by System.Action`1[[Orchard.DisplayManagement.Implementation.ShapeDisplayingContext, Orchard.Framework, Version=1.6.0.0, Culture=neutral, PublicKeyToken=null]]
Microsoft.CSharp.RuntimeBinder.RuntimeBinderException: Cannot implicitly convert type 'Orchard.Modules.Models.ModuleEntry' to 'Orchard.ContentManagement.ContentPart'
   at CallSite.Target(Closure , CallSite , Object )
   at Orchard.DesignerTools.Services.WidgetAlternatesFactory.<Displaying>b__5(ShapeDisplayingContext displayedContext)
   at Orchard.DisplayManagement.Implementation.DefaultDisplayManager.<>c__DisplayClassc.<Execute>b__5(Action`1 action) in c:\Users\sebros\My Projects\Orchard\src\Orchard\DisplayManagement\Implementation\DefaultDisplayManager.cs:line 78
   at Orchard.InvokeExtensions.Invoke[TEvents](IEnumerable`1 events, Action`1 dispatch, ILogger logger) in c:\Users\sebros\My Projects\Orchard\src\Orchard\InvokeExtensions.cs:line 17
2013-04-16 19:19:44,918 [23] Orchard.DisplayManagement.Implementation.DefaultDisplayManager - RuntimeBinderException thrown from Action`1 by System.Action`1[[Orchard.DisplayManagement.Implementation.ShapeDisplayingContext, Orchard.Framework, Version=1.6.0.0, Culture=neutral, PublicKeyToken=null]]
Microsoft.CSharp.RuntimeBinder.RuntimeBinderException: Cannot implicitly convert type 'Orchard.Modules.Models.ModuleEntry' to 'Orchard.ContentManagement.ContentPart'
   at CallSite.Target(Closure , CallSite , Object )
   at Orchard.DesignerTools.Services.WidgetAlternatesFactory.<Displaying>b__5(ShapeDisplayingContext displayedContext)
   at Orchard.DisplayManagement.Implementation.DefaultDisplayManager.<>c__DisplayClassc.<Execute>b__5(Action`1 action) in c:\Users\sebros\My Projects\Orchard\src\Orchard\DisplayManagement\Implementation\DefaultDisplayManager.cs:line 78
   at Orchard.InvokeExtensions.Invoke[TEvents](IEnumerable`1 events, Action`1 dispatch, ILogger logger) in c:\Users\sebros\My Projects\Orchard\src\Orchard\InvokeExtensions.cs:line 17
2013-04-16 19:19:44,922 [23] Orchard.DisplayManagement.Implementation.DefaultDisplayManager - RuntimeBinderException thrown from Action`1 by System.Action`1[[Orchard.DisplayManagement.Implementation.ShapeDisplayingContext, Orchard.Framework, Version=1.6.0.0, Culture=neutral, PublicKeyToken=null]]
Microsoft.CSharp.RuntimeBinder.RuntimeBinderException: Cannot implicitly convert type 'Orchard.Modules.Models.ModuleEntry' to 'Orchard.ContentManagement.ContentPart'
   at CallSite.Target(Closure , CallSite , Object )
   at Orchard.DesignerTools.Services.WidgetAlternatesFactory.<Displaying>b__5(ShapeDisplayingContext displayedContext)
   at Orchard.DisplayManagement.Implementation.DefaultDisplayManager.<>c__DisplayClassc.<Execute>b__5(Action`1 action) in c:\Users\sebros\My Projects\Orchard\src\Orchard\DisplayManagement\Implementation\DefaultDisplayManager.cs:line 78
   at Orchard.InvokeExtensions.Invoke[TEvents](IEnumerable`1 events, Action`1 dispatch, ILogger logger) in c:\Users\sebros\My Projects\Orchard\src\Orchard\InvokeExtensions.cs:line 17
2013-04-16 19:19:44,925 [23] Orchard.DisplayManagement.Implementation.DefaultDisplayManager - RuntimeBinderException thrown from Action`1 by System.Action`1[[Orchard.DisplayManagement.Implementation.ShapeDisplayingContext, Orchard.Framework, Version=1.6.0.0, Culture=neutral, PublicKeyToken=null]]
Microsoft.CSharp.RuntimeBinder.RuntimeBinderException: Cannot implicitly convert type 'Orchard.Modules.Models.ModuleEntry' to 'Orchard.ContentManagement.ContentPart'
   at CallSite.Target(Closure , CallSite , Object )
   at Orchard.DesignerTools.Services.WidgetAlternatesFactory.<Displaying>b__5(ShapeDisplayingContext displayedContext)
   at Orchard.DisplayManagement.Implementation.DefaultDisplayManager.<>c__DisplayClassc.<Execute>b__5(Action`1 action) in c:\Users\sebros\My Projects\Orchard\src\Orchard\DisplayManagement\Implementation\DefaultDisplayManager.cs:line 78
   at Orchard.InvokeExtensions.Invoke[TEvents](IEnumerable`1 events, Action`1 dispatch, ILogger logger) in c:\Users\sebros\My Projects\Orchard\src\Orchard\InvokeExtensions.cs:line 17
2013-04-16 19:19:44,927 [23] Orchard.DisplayManagement.Implementation.DefaultDisplayManager - RuntimeBinderException thrown from Action`1 by System.Action`1[[Orchard.DisplayManagement.Implementation.ShapeDisplayingContext, Orchard.Framework, Version=1.6.0.0, Culture=neutral, PublicKeyToken=null]]
Microsoft.CSharp.RuntimeBinder.RuntimeBinderException: Cannot implicitly convert type 'Orchard.Modules.Models.ModuleEntry' to 'Orchard.ContentManagement.ContentPart'
   at CallSite.Target(Closure , CallSite , Object )
   at Orchard.DesignerTools.Services.WidgetAlternatesFactory.<Displaying>b__5(ShapeDisplayingContext displayedContext)
   at Orchard.DisplayManagement.Implementation.DefaultDisplayManager.<>c__DisplayClassc.<Execute>b__5(Action`1 acti